Compilation failed:
    source file: '/dcs/20/u2030590/CS310-App/App/.buildozer/android/platform/build-armeabi-v7a_arm64-v8a/build/other_builds/opencv/armeabi-v7a__ndk_target_21/opencv/cmake/checks/cpu_fp16.cpp'
    check option: ''
===== BUILD LOG =====
Change Dir: /dcs/20/u2030590/CS310-App/App/.buildozer/android/platform/build-armeabi-v7a_arm64-v8a/build/other_builds/opencv/armeabi-v7a__ndk_target_21/opencv/build/CMakeFiles/CMakeTmp

Run Build Command(s):/usr/bin/gmake -f Makefile cmTC_4e841/fast && make -j40  -f CMakeFiles/cmTC_4e841.dir/build.make CMakeFiles/cmTC_4e841.dir/build
make[1]: Entering directory '/dcs/20/u2030590/CS310-App/App/.buildozer/android/platform/build-armeabi-v7a_arm64-v8a/build/other_builds/opencv/armeabi-v7a__ndk_target_21/opencv/build/CMakeFiles/CMakeTmp'
Building CXX object CMakeFiles/cmTC_4e841.dir/cpu_fp16.cpp.o
/dcs/20/u2030590/.buildozer/android/platform/android-ndk-r25b/toolchains/llvm/prebuilt/linux-x86_64/bin/clang++ --target=armv7-none-linux-androideabi21 --sysroot=/dcs/20/u2030590/.buildozer/android/platform/android-ndk-r25b/toolchains/llvm/prebuilt/linux-x86_64/sysroot   -g -DANDROID -fdata-sections -ffunction-sections -funwind-tables -fstack-protector-strong -no-canonical-prefixes -D_FORTIFY_SOURCE=2 -march=armv7-a -mthumb -Wformat -Werror=format-security    -O3 -DNDEBUG  -fPIE -std=c++11 -MD -MT CMakeFiles/cmTC_4e841.dir/cpu_fp16.cpp.o -MF CMakeFiles/cmTC_4e841.dir/cpu_fp16.cpp.o.d -o CMakeFiles/cmTC_4e841.dir/cpu_fp16.cpp.o -c /dcs/20/u2030590/CS310-App/App/.buildozer/android/platform/build-armeabi-v7a_arm64-v8a/build/other_builds/opencv/armeabi-v7a__ndk_target_21/opencv/cmake/checks/cpu_fp16.cpp
/dcs/20/u2030590/CS310-App/App/.buildozer/android/platform/build-armeabi-v7a_arm64-v8a/build/other_builds/opencv/armeabi-v7a__ndk_target_21/opencv/cmake/checks/cpu_fp16.cpp:21:25: error: use of undeclared identifier 'vcvt_f16_f32'
    float16x4_t v_dst = vcvt_f16_f32(v_src);
                        ^
1 error generated.
make[1]: *** [CMakeFiles/cmTC_4e841.dir/build.make:79: CMakeFiles/cmTC_4e841.dir/cpu_fp16.cpp.o] Error 1
make[1]: Leaving directory '/dcs/20/u2030590/CS310-App/App/.buildozer/android/platform/build-armeabi-v7a_arm64-v8a/build/other_builds/opencv/armeabi-v7a__ndk_target_21/opencv/build/CMakeFiles/CMakeTmp'
gmake: *** [Makefile:127: cmTC_4e841/fast] Error 2


===== END =====

Compilation failed:
    source file: '/dcs/20/u2030590/CS310-App/App/.buildozer/android/platform/build-armeabi-v7a_arm64-v8a/build/other_builds/opencv/armeabi-v7a__ndk_target_21/opencv/cmake/checks/cpu_fp16.cpp'
    check option: ' -mfpu=neon-fp16 -mfp16-format=ieee'
===== BUILD LOG =====
Change Dir: /dcs/20/u2030590/CS310-App/App/.buildozer/android/platform/build-armeabi-v7a_arm64-v8a/build/other_builds/opencv/armeabi-v7a__ndk_target_21/opencv/build/CMakeFiles/CMakeTmp

Run Build Command(s):/usr/bin/gmake -f Makefile cmTC_dcfc3/fast && make -j40  -f CMakeFiles/cmTC_dcfc3.dir/build.make CMakeFiles/cmTC_dcfc3.dir/build
make[1]: Entering directory '/dcs/20/u2030590/CS310-App/App/.buildozer/android/platform/build-armeabi-v7a_arm64-v8a/build/other_builds/opencv/armeabi-v7a__ndk_target_21/opencv/build/CMakeFiles/CMakeTmp'
Building CXX object CMakeFiles/cmTC_dcfc3.dir/cpu_fp16.cpp.o
/dcs/20/u2030590/.buildozer/android/platform/android-ndk-r25b/toolchains/llvm/prebuilt/linux-x86_64/bin/clang++ --target=armv7-none-linux-androideabi21 --sysroot=/dcs/20/u2030590/.buildozer/android/platform/android-ndk-r25b/toolchains/llvm/prebuilt/linux-x86_64/sysroot   -g -DANDROID -fdata-sections -ffunction-sections -funwind-tables -fstack-protector-strong -no-canonical-prefixes -D_FORTIFY_SOURCE=2 -march=armv7-a -mthumb -Wformat -Werror=format-security    -O3 -DNDEBUG  -fPIE    -mfpu=neon-fp16 -mfp16-format=ieee -std=c++11 -MD -MT CMakeFiles/cmTC_dcfc3.dir/cpu_fp16.cpp.o -MF CMakeFiles/cmTC_dcfc3.dir/cpu_fp16.cpp.o.d -o CMakeFiles/cmTC_dcfc3.dir/cpu_fp16.cpp.o -c /dcs/20/u2030590/CS310-App/App/.buildozer/android/platform/build-armeabi-v7a_arm64-v8a/build/other_builds/opencv/armeabi-v7a__ndk_target_21/opencv/cmake/checks/cpu_fp16.cpp
clang++: error: unknown argument: '-mfp16-format=ieee'
make[1]: *** [CMakeFiles/cmTC_dcfc3.dir/build.make:79: CMakeFiles/cmTC_dcfc3.dir/cpu_fp16.cpp.o] Error 1
make[1]: Leaving directory '/dcs/20/u2030590/CS310-App/App/.buildozer/android/platform/build-armeabi-v7a_arm64-v8a/build/other_builds/opencv/armeabi-v7a__ndk_target_21/opencv/build/CMakeFiles/CMakeTmp'
gmake: *** [Makefile:127: cmTC_dcfc3/fast] Error 2


===== END =====

Determining if the include file io.h exists failed with the following output:
Change Dir: /dcs/20/u2030590/CS310-App/App/.buildozer/android/platform/build-armeabi-v7a_arm64-v8a/build/other_builds/opencv/armeabi-v7a__ndk_target_21/opencv/build/CMakeFiles/CMakeScratch/TryCompile-9tFPUH

Run Build Command(s):/usr/bin/gmake -f Makefile cmTC_76f4a/fast && make -j40  -f CMakeFiles/cmTC_76f4a.dir/build.make CMakeFiles/cmTC_76f4a.dir/build
make[1]: Entering directory '/dcs/20/u2030590/CS310-App/App/.buildozer/android/platform/build-armeabi-v7a_arm64-v8a/build/other_builds/opencv/armeabi-v7a__ndk_target_21/opencv/build/CMakeFiles/CMakeScratch/TryCompile-9tFPUH'
Building C object CMakeFiles/cmTC_76f4a.dir/CheckIncludeFile.c.o
/dcs/20/u2030590/.buildozer/android/platform/android-ndk-r25b/toolchains/llvm/prebuilt/linux-x86_64/bin/clang --target=armv7-none-linux-androideabi21 --sysroot=/dcs/20/u2030590/.buildozer/android/platform/android-ndk-r25b/toolchains/llvm/prebuilt/linux-x86_64/sysroot   -g -DANDROID -fdata-sections -ffunction-sections -funwind-tables -fstack-protector-strong -no-canonical-prefixes -D_FORTIFY_SOURCE=2 -march=armv7-a -mthumb -Wformat -Werror=format-security    -fsigned-char -W -Wall -Werror=return-type -Werror=non-virtual-dtor -Werror=address -Werror=sequence-point -Wformat -Werror=format-security -Wmissing-declarations -Wmissing-prototypes -Wstrict-prototypes -Wundef -Winit-self -Wpointer-arith -Wshadow -Wsign-promo -Wuninitialized -Winconsistent-missing-override -Wno-delete-non-virtual-dtor -Wno-unnamed-type-template-args -Wno-comment -Wno-deprecated-enum-enum-conversion -Wno-deprecated-anon-enum-enum-conversion -fdiagnostics-show-option -Qunused-arguments -ffunction-sections -fdata-sections  -fvisibility=hidden -fvisibility-inlines-hidden  -O3 -DNDEBUG   -DNDEBUG -fPIE -MD -MT CMakeFiles/cmTC_76f4a.dir/CheckIncludeFile.c.o -MF CMakeFiles/cmTC_76f4a.dir/CheckIncludeFile.c.o.d -o CMakeFiles/cmTC_76f4a.dir/CheckIncludeFile.c.o -c /dcs/20/u2030590/CS310-App/App/.buildozer/android/platform/build-armeabi-v7a_arm64-v8a/build/other_builds/opencv/armeabi-v7a__ndk_target_21/opencv/build/CMakeFiles/CMakeScratch/TryCompile-9tFPUH/CheckIncludeFile.c
/dcs/20/u2030590/CS310-App/App/.buildozer/android/platform/build-armeabi-v7a_arm64-v8a/build/other_builds/opencv/armeabi-v7a__ndk_target_21/opencv/build/CMakeFiles/CMakeScratch/TryCompile-9tFPUH/CheckIncludeFile.c:1:10: fatal error: 'io.h' file not found
#include <io.h>
         ^~~~~~
1 error generated.
make[1]: *** [CMakeFiles/cmTC_76f4a.dir/build.make:79: CMakeFiles/cmTC_76f4a.dir/CheckIncludeFile.c.o] Error 1
make[1]: Leaving directory '/dcs/20/u2030590/CS310-App/App/.buildozer/android/platform/build-armeabi-v7a_arm64-v8a/build/other_builds/opencv/armeabi-v7a__ndk_target_21/opencv/build/CMakeFiles/CMakeScratch/TryCompile-9tFPUH'
gmake: *** [Makefile:127: cmTC_76f4a/fast] Error 2



Determining size of INT8 failed with the following output:
Change Dir: /dcs/20/u2030590/CS310-App/App/.buildozer/android/platform/build-armeabi-v7a_arm64-v8a/build/other_builds/opencv/armeabi-v7a__ndk_target_21/opencv/build/CMakeFiles/CMakeScratch/TryCompile-UM109X

Run Build Command(s):/usr/bin/gmake -f Makefile cmTC_55403/fast && make -j40  -f CMakeFiles/cmTC_55403.dir/build.make CMakeFiles/cmTC_55403.dir/build
make[1]: Entering directory '/dcs/20/u2030590/CS310-App/App/.buildozer/android/platform/build-armeabi-v7a_arm64-v8a/build/other_builds/opencv/armeabi-v7a__ndk_target_21/opencv/build/CMakeFiles/CMakeScratch/TryCompile-UM109X'
Building C object CMakeFiles/cmTC_55403.dir/int8.c.o
/dcs/20/u2030590/.buildozer/android/platform/android-ndk-r25b/toolchains/llvm/prebuilt/linux-x86_64/bin/clang --target=armv7-none-linux-androideabi21 --sysroot=/dcs/20/u2030590/.buildozer/android/platform/android-ndk-r25b/toolchains/llvm/prebuilt/linux-x86_64/sysroot   -g -DANDROID -fdata-sections -ffunction-sections -funwind-tables -fstack-protector-strong -no-canonical-prefixes -D_FORTIFY_SOURCE=2 -march=armv7-a -mthumb -Wformat -Werror=format-security    -fsigned-char -W -Wall -Werror=return-type -Werror=non-virtual-dtor -Werror=address -Werror=sequence-point -Wformat -Werror=format-security -Wmissing-declarations -Wmissing-prototypes -Wstrict-prototypes -Wundef -Winit-self -Wpointer-arith -Wshadow -Wsign-promo -Wuninitialized -Winconsistent-missing-override -Wno-delete-non-virtual-dtor -Wno-unnamed-type-template-args -Wno-comment -Wno-deprecated-enum-enum-conversion -Wno-deprecated-anon-enum-enum-conversion -fdiagnostics-show-option -Qunused-arguments -ffunction-sections -fdata-sections  -fvisibility=hidden -fvisibility-inlines-hidden  -O3 -DNDEBUG   -DNDEBUG -fPIE -MD -MT CMakeFiles/cmTC_55403.dir/int8.c.o -MF CMakeFiles/cmTC_55403.dir/int8.c.o.d -o CMakeFiles/cmTC_55403.dir/int8.c.o -c /dcs/20/u2030590/CS310-App/App/.buildozer/android/platform/build-armeabi-v7a_arm64-v8a/build/other_builds/opencv/armeabi-v7a__ndk_target_21/opencv/build/CMakeFiles/CMakeScratch/TryCompile-UM109X/int8.c
/dcs/20/u2030590/CS310-App/App/.buildozer/android/platform/build-armeabi-v7a_arm64-v8a/build/other_builds/opencv/armeabi-v7a__ndk_target_21/opencv/build/CMakeFiles/CMakeScratch/TryCompile-UM109X/int8.c:29:12: error: use of undeclared identifier 'INT8'
  ('0' + ((SIZE / 10000)%10)),
           ^
/dcs/20/u2030590/CS310-App/App/.buildozer/android/platform/build-armeabi-v7a_arm64-v8a/build/other_builds/opencv/armeabi-v7a__ndk_target_21/opencv/build/CMakeFiles/CMakeScratch/TryCompile-UM109X/int8.c:27:22: note: expanded from macro 'SIZE'
#define SIZE (sizeof(INT8))
                     ^
/dcs/20/u2030590/CS310-App/App/.buildozer/android/platform/build-armeabi-v7a_arm64-v8a/build/other_builds/opencv/armeabi-v7a__ndk_target_21/opencv/build/CMakeFiles/CMakeScratch/TryCompile-UM109X/int8.c:30:12: error: use of undeclared identifier 'INT8'
  ('0' + ((SIZE / 1000)%10)),
           ^
/dcs/20/u2030590/CS310-App/App/.buildozer/android/platform/build-armeabi-v7a_arm64-v8a/build/other_builds/opencv/armeabi-v7a__ndk_target_21/opencv/build/CMakeFiles/CMakeScratch/TryCompile-UM109X/int8.c:27:22: note: expanded from macro 'SIZE'
#define SIZE (sizeof(INT8))
                     ^
/dcs/20/u2030590/CS310-App/App/.buildozer/android/platform/build-armeabi-v7a_arm64-v8a/build/other_builds/opencv/armeabi-v7a__ndk_target_21/opencv/build/CMakeFiles/CMakeScratch/TryCompile-UM109X/int8.c:31:12: error: use of undeclared identifier 'INT8'
  ('0' + ((SIZE / 100)%10)),
           ^
/dcs/20/u2030590/CS310-App/App/.buildozer/android/platform/build-armeabi-v7a_arm64-v8a/build/other_builds/opencv/armeabi-v7a__ndk_target_21/opencv/build/CMakeFiles/CMakeScratch/TryCompile-UM109X/int8.c:27:22: note: expanded from macro 'SIZE'
#define SIZE (sizeof(INT8))
                     ^
/dcs/20/u2030590/CS310-App/App/.buildozer/android/platform/build-armeabi-v7a_arm64-v8a/build/other_builds/opencv/armeabi-v7a__ndk_target_21/opencv/build/CMakeFiles/CMakeScratch/TryCompile-UM109X/int8.c:32:12: error: use of undeclared identifier 'INT8'
  ('0' + ((SIZE / 10)%10)),
           ^
/dcs/20/u2030590/CS310-App/App/.buildozer/android/platform/build-armeabi-v7a_arm64-v8a/build/other_builds/opencv/armeabi-v7a__ndk_target_21/opencv/build/CMakeFiles/CMakeScratch/TryCompile-UM109X/int8.c:27:22: note: expanded from macro 'SIZE'
#define SIZE (sizeof(INT8))
                     ^
/dcs/20/u2030590/CS310-App/App/.buildozer/android/platform/build-armeabi-v7a_arm64-v8a/build/other_builds/opencv/armeabi-v7a__ndk_target_21/opencv/build/CMakeFiles/CMakeScratch/TryCompile-UM109X/int8.c:33:12: error: use of undeclared identifier 'INT8'
  ('0' +  (SIZE    % 10)),
           ^
/dcs/20/u2030590/CS310-App/App/.buildozer/android/platform/build-armeabi-v7a_arm64-v8a/build/other_builds/opencv/armeabi-v7a__ndk_target_21/opencv/build/CMakeFiles/CMakeScratch/TryCompile-UM109X/int8.c:27:22: note: expanded from macro 'SIZE'
#define SIZE (sizeof(INT8))
                     ^
5 errors generated.
make[1]: *** [CMakeFiles/cmTC_55403.dir/build.make:79: CMakeFiles/cmTC_55403.dir/int8.c.o] Error 1
make[1]: Leaving directory '/dcs/20/u2030590/CS310-App/App/.buildozer/android/platform/build-armeabi-v7a_arm64-v8a/build/other_builds/opencv/armeabi-v7a__ndk_target_21/opencv/build/CMakeFiles/CMakeScratch/TryCompile-UM109X'
gmake: *** [Makefile:127: cmTC_55403/fast] Error 2


int8.c:
#include <sys/types.h>
#include <stdint.h>
#include <stddef.h>


#undef KEY
#if defined(__i386)
# define KEY '_','_','i','3','8','6'
#elif defined(__x86_64)
# define KEY '_','_','x','8','6','_','6','4'
#elif defined(__PPC64__)
# define KEY '_','_','P','P','C','6','4','_','_'
#elif defined(__ppc64__)
# define KEY '_','_','p','p','c','6','4','_','_'
#elif defined(__PPC__)
# define KEY '_','_','P','P','C','_','_'
#elif defined(__ppc__)
# define KEY '_','_','p','p','c','_','_'
#elif defined(__aarch64__)
# define KEY '_','_','a','a','r','c','h','6','4','_','_'
#elif defined(__ARM_ARCH_7A__)
# define KEY '_','_','A','R','M','_','A','R','C','H','_','7','A','_','_'
#elif defined(__ARM_ARCH_7S__)
# define KEY '_','_','A','R','M','_','A','R','C','H','_','7','S','_','_'
#endif

#define SIZE (sizeof(INT8))
static char info_size[] =  {'I', 'N', 'F', 'O', ':', 's','i','z','e','[',
  ('0' + ((SIZE / 10000)%10)),
  ('0' + ((SIZE / 1000)%10)),
  ('0' + ((SIZE / 100)%10)),
  ('0' + ((SIZE / 10)%10)),
  ('0' +  (SIZE    % 10)),
  ']',
#ifdef KEY
  ' ','k','e','y','[', KEY, ']',
#endif
  '\0'};

#ifdef __CLASSIC_C__
int main(argc, argv) int argc; char *argv[];
#else
int main(int argc, char *argv[])
#endif
{
  int require = 0;
  require += info_size[argc];
  (void)argv;
  return require;
}


Determining size of INT16 failed with the following output:
Change Dir: /dcs/20/u2030590/CS310-App/App/.buildozer/android/platform/build-armeabi-v7a_arm64-v8a/build/other_builds/opencv/armeabi-v7a__ndk_target_21/opencv/build/CMakeFiles/CMakeScratch/TryCompile-YCSZsz

Run Build Command(s):/usr/bin/gmake -f Makefile cmTC_7860e/fast && make -j40  -f CMakeFiles/cmTC_7860e.dir/build.make CMakeFiles/cmTC_7860e.dir/build
make[1]: Entering directory '/dcs/20/u2030590/CS310-App/App/.buildozer/android/platform/build-armeabi-v7a_arm64-v8a/build/other_builds/opencv/armeabi-v7a__ndk_target_21/opencv/build/CMakeFiles/CMakeScratch/TryCompile-YCSZsz'
Building C object CMakeFiles/cmTC_7860e.dir/int16.c.o
/dcs/20/u2030590/.buildozer/android/platform/android-ndk-r25b/toolchains/llvm/prebuilt/linux-x86_64/bin/clang --target=armv7-none-linux-androideabi21 --sysroot=/dcs/20/u2030590/.buildozer/android/platform/android-ndk-r25b/toolchains/llvm/prebuilt/linux-x86_64/sysroot   -g -DANDROID -fdata-sections -ffunction-sections -funwind-tables -fstack-protector-strong -no-canonical-prefixes -D_FORTIFY_SOURCE=2 -march=armv7-a -mthumb -Wformat -Werror=format-security    -fsigned-char -W -Wall -Werror=return-type -Werror=non-virtual-dtor -Werror=address -Werror=sequence-point -Wformat -Werror=format-security -Wmissing-declarations -Wmissing-prototypes -Wstrict-prototypes -Wundef -Winit-self -Wpointer-arith -Wshadow -Wsign-promo -Wuninitialized -Winconsistent-missing-override -Wno-delete-non-virtual-dtor -Wno-unnamed-type-template-args -Wno-comment -Wno-deprecated-enum-enum-conversion -Wno-deprecated-anon-enum-enum-conversion -fdiagnostics-show-option -Qunused-arguments -ffunction-sections -fdata-sections  -fvisibility=hidden -fvisibility-inlines-hidden  -O3 -DNDEBUG   -DNDEBUG -fPIE -MD -MT CMakeFiles/cmTC_7860e.dir/int16.c.o -MF CMakeFiles/cmTC_7860e.dir/int16.c.o.d -o CMakeFiles/cmTC_7860e.dir/int16.c.o -c /dcs/20/u2030590/CS310-App/App/.buildozer/android/platform/build-armeabi-v7a_arm64-v8a/build/other_builds/opencv/armeabi-v7a__ndk_target_21/opencv/build/CMakeFiles/CMakeScratch/TryCompile-YCSZsz/int16.c
/dcs/20/u2030590/CS310-App/App/.buildozer/android/platform/build-armeabi-v7a_arm64-v8a/build/other_builds/opencv/armeabi-v7a__ndk_target_21/opencv/build/CMakeFiles/CMakeScratch/TryCompile-YCSZsz/int16.c:29:12: error: use of undeclared identifier 'INT16'
  ('0' + ((SIZE / 10000)%10)),
           ^
/dcs/20/u2030590/CS310-App/App/.buildozer/android/platform/build-armeabi-v7a_arm64-v8a/build/other_builds/opencv/armeabi-v7a__ndk_target_21/opencv/build/CMakeFiles/CMakeScratch/TryCompile-YCSZsz/int16.c:27:22: note: expanded from macro 'SIZE'
#define SIZE (sizeof(INT16))
                     ^
/dcs/20/u2030590/CS310-App/App/.buildozer/android/platform/build-armeabi-v7a_arm64-v8a/build/other_builds/opencv/armeabi-v7a__ndk_target_21/opencv/build/CMakeFiles/CMakeScratch/TryCompile-YCSZsz/int16.c:30:12: error: use of undeclared identifier 'INT16'
  ('0' + ((SIZE / 1000)%10)),
           ^
/dcs/20/u2030590/CS310-App/App/.buildozer/android/platform/build-armeabi-v7a_arm64-v8a/build/other_builds/opencv/armeabi-v7a__ndk_target_21/opencv/build/CMakeFiles/CMakeScratch/TryCompile-YCSZsz/int16.c:27:22: note: expanded from macro 'SIZE'
#define SIZE (sizeof(INT16))
                     ^
/dcs/20/u2030590/CS310-App/App/.buildozer/android/platform/build-armeabi-v7a_arm64-v8a/build/other_builds/opencv/armeabi-v7a__ndk_target_21/opencv/build/CMakeFiles/CMakeScratch/TryCompile-YCSZsz/int16.c:31:12: error: use of undeclared identifier 'INT16'
  ('0' + ((SIZE / 100)%10)),
           ^
/dcs/20/u2030590/CS310-App/App/.buildozer/android/platform/build-armeabi-v7a_arm64-v8a/build/other_builds/opencv/armeabi-v7a__ndk_target_21/opencv/build/CMakeFiles/CMakeScratch/TryCompile-YCSZsz/int16.c:27:22: note: expanded from macro 'SIZE'
#define SIZE (sizeof(INT16))
                     ^
/dcs/20/u2030590/CS310-App/App/.buildozer/android/platform/build-armeabi-v7a_arm64-v8a/build/other_builds/opencv/armeabi-v7a__ndk_target_21/opencv/build/CMakeFiles/CMakeScratch/TryCompile-YCSZsz/int16.c:32:12: error: use of undeclared identifier 'INT16'
  ('0' + ((SIZE / 10)%10)),
           ^
/dcs/20/u2030590/CS310-App/App/.buildozer/android/platform/build-armeabi-v7a_arm64-v8a/build/other_builds/opencv/armeabi-v7a__ndk_target_21/opencv/build/CMakeFiles/CMakeScratch/TryCompile-YCSZsz/int16.c:27:22: note: expanded from macro 'SIZE'
#define SIZE (sizeof(INT16))
                     ^
/dcs/20/u2030590/CS310-App/App/.buildozer/android/platform/build-armeabi-v7a_arm64-v8a/build/other_builds/opencv/armeabi-v7a__ndk_target_21/opencv/build/CMakeFiles/CMakeScratch/TryCompile-YCSZsz/int16.c:33:12: error: use of undeclared identifier 'INT16'
  ('0' +  (SIZE    % 10)),
           ^
/dcs/20/u2030590/CS310-App/App/.buildozer/android/platform/build-armeabi-v7a_arm64-v8a/build/other_builds/opencv/armeabi-v7a__ndk_target_21/opencv/build/CMakeFiles/CMakeScratch/TryCompile-YCSZsz/int16.c:27:22: note: expanded from macro 'SIZE'
#define SIZE (sizeof(INT16))
                     ^
5 errors generated.
make[1]: *** [CMakeFiles/cmTC_7860e.dir/build.make:79: CMakeFiles/cmTC_7860e.dir/int16.c.o] Error 1
make[1]: Leaving directory '/dcs/20/u2030590/CS310-App/App/.buildozer/android/platform/build-armeabi-v7a_arm64-v8a/build/other_builds/opencv/armeabi-v7a__ndk_target_21/opencv/build/CMakeFiles/CMakeScratch/TryCompile-YCSZsz'
gmake: *** [Makefile:127: cmTC_7860e/fast] Error 2


int16.c:
#include <sys/types.h>
#include <stdint.h>
#include <stddef.h>


#undef KEY
#if defined(__i386)
# define KEY '_','_','i','3','8','6'
#elif defined(__x86_64)
# define KEY '_','_','x','8','6','_','6','4'
#elif defined(__PPC64__)
# define KEY '_','_','P','P','C','6','4','_','_'
#elif defined(__ppc64__)
# define KEY '_','_','p','p','c','6','4','_','_'
#elif defined(__PPC__)
# define KEY '_','_','P','P','C','_','_'
#elif defined(__ppc__)
# define KEY '_','_','p','p','c','_','_'
#elif defined(__aarch64__)
# define KEY '_','_','a','a','r','c','h','6','4','_','_'
#elif defined(__ARM_ARCH_7A__)
# define KEY '_','_','A','R','M','_','A','R','C','H','_','7','A','_','_'
#elif defined(__ARM_ARCH_7S__)
# define KEY '_','_','A','R','M','_','A','R','C','H','_','7','S','_','_'
#endif

#define SIZE (sizeof(INT16))
static char info_size[] =  {'I', 'N', 'F', 'O', ':', 's','i','z','e','[',
  ('0' + ((SIZE / 10000)%10)),
  ('0' + ((SIZE / 1000)%10)),
  ('0' + ((SIZE / 100)%10)),
  ('0' + ((SIZE / 10)%10)),
  ('0' +  (SIZE    % 10)),
  ']',
#ifdef KEY
  ' ','k','e','y','[', KEY, ']',
#endif
  '\0'};

#ifdef __CLASSIC_C__
int main(argc, argv) int argc; char *argv[];
#else
int main(int argc, char *argv[])
#endif
{
  int require = 0;
  require += info_size[argc];
  (void)argv;
  return require;
}


Determining size of INT32 failed with the following output:
Change Dir: /dcs/20/u2030590/CS310-App/App/.buildozer/android/platform/build-armeabi-v7a_arm64-v8a/build/other_builds/opencv/armeabi-v7a__ndk_target_21/opencv/build/CMakeFiles/CMakeScratch/TryCompile-6YD15N

Run Build Command(s):/usr/bin/gmake -f Makefile cmTC_ffbce/fast && make -j40  -f CMakeFiles/cmTC_ffbce.dir/build.make CMakeFiles/cmTC_ffbce.dir/build
make[1]: Entering directory '/dcs/20/u2030590/CS310-App/App/.buildozer/android/platform/build-armeabi-v7a_arm64-v8a/build/other_builds/opencv/armeabi-v7a__ndk_target_21/opencv/build/CMakeFiles/CMakeScratch/TryCompile-6YD15N'
Building C object CMakeFiles/cmTC_ffbce.dir/int32.c.o
/dcs/20/u2030590/.buildozer/android/platform/android-ndk-r25b/toolchains/llvm/prebuilt/linux-x86_64/bin/clang --target=armv7-none-linux-androideabi21 --sysroot=/dcs/20/u2030590/.buildozer/android/platform/android-ndk-r25b/toolchains/llvm/prebuilt/linux-x86_64/sysroot   -g -DANDROID -fdata-sections -ffunction-sections -funwind-tables -fstack-protector-strong -no-canonical-prefixes -D_FORTIFY_SOURCE=2 -march=armv7-a -mthumb -Wformat -Werror=format-security    -fsigned-char -W -Wall -Werror=return-type -Werror=non-virtual-dtor -Werror=address -Werror=sequence-point -Wformat -Werror=format-security -Wmissing-declarations -Wmissing-prototypes -Wstrict-prototypes -Wundef -Winit-self -Wpointer-arith -Wshadow -Wsign-promo -Wuninitialized -Winconsistent-missing-override -Wno-delete-non-virtual-dtor -Wno-unnamed-type-template-args -Wno-comment -Wno-deprecated-enum-enum-conversion -Wno-deprecated-anon-enum-enum-conversion -fdiagnostics-show-option -Qunused-arguments -ffunction-sections -fdata-sections  -fvisibility=hidden -fvisibility-inlines-hidden  -O3 -DNDEBUG   -DNDEBUG -fPIE -MD -MT CMakeFiles/cmTC_ffbce.dir/int32.c.o -MF CMakeFiles/cmTC_ffbce.dir/int32.c.o.d -o CMakeFiles/cmTC_ffbce.dir/int32.c.o -c /dcs/20/u2030590/CS310-App/App/.buildozer/android/platform/build-armeabi-v7a_arm64-v8a/build/other_builds/opencv/armeabi-v7a__ndk_target_21/opencv/build/CMakeFiles/CMakeScratch/TryCompile-6YD15N/int32.c
/dcs/20/u2030590/CS310-App/App/.buildozer/android/platform/build-armeabi-v7a_arm64-v8a/build/other_builds/opencv/armeabi-v7a__ndk_target_21/opencv/build/CMakeFiles/CMakeScratch/TryCompile-6YD15N/int32.c:29:12: error: use of undeclared identifier 'INT32'
  ('0' + ((SIZE / 10000)%10)),
           ^
/dcs/20/u2030590/CS310-App/App/.buildozer/android/platform/build-armeabi-v7a_arm64-v8a/build/other_builds/opencv/armeabi-v7a__ndk_target_21/opencv/build/CMakeFiles/CMakeScratch/TryCompile-6YD15N/int32.c:27:22: note: expanded from macro 'SIZE'
#define SIZE (sizeof(INT32))
                     ^
/dcs/20/u2030590/CS310-App/App/.buildozer/android/platform/build-armeabi-v7a_arm64-v8a/build/other_builds/opencv/armeabi-v7a__ndk_target_21/opencv/build/CMakeFiles/CMakeScratch/TryCompile-6YD15N/int32.c:30:12: error: use of undeclared identifier 'INT32'
  ('0' + ((SIZE / 1000)%10)),
           ^
/dcs/20/u2030590/CS310-App/App/.buildozer/android/platform/build-armeabi-v7a_arm64-v8a/build/other_builds/opencv/armeabi-v7a__ndk_target_21/opencv/build/CMakeFiles/CMakeScratch/TryCompile-6YD15N/int32.c:27:22: note: expanded from macro 'SIZE'
#define SIZE (sizeof(INT32))
                     ^
/dcs/20/u2030590/CS310-App/App/.buildozer/android/platform/build-armeabi-v7a_arm64-v8a/build/other_builds/opencv/armeabi-v7a__ndk_target_21/opencv/build/CMakeFiles/CMakeScratch/TryCompile-6YD15N/int32.c:31:12: error: use of undeclared identifier 'INT32'
  ('0' + ((SIZE / 100)%10)),
           ^
/dcs/20/u2030590/CS310-App/App/.buildozer/android/platform/build-armeabi-v7a_arm64-v8a/build/other_builds/opencv/armeabi-v7a__ndk_target_21/opencv/build/CMakeFiles/CMakeScratch/TryCompile-6YD15N/int32.c:27:22: note: expanded from macro 'SIZE'
#define SIZE (sizeof(INT32))
                     ^
/dcs/20/u2030590/CS310-App/App/.buildozer/android/platform/build-armeabi-v7a_arm64-v8a/build/other_builds/opencv/armeabi-v7a__ndk_target_21/opencv/build/CMakeFiles/CMakeScratch/TryCompile-6YD15N/int32.c:32:12: error: use of undeclared identifier 'INT32'
  ('0' + ((SIZE / 10)%10)),
           ^
/dcs/20/u2030590/CS310-App/App/.buildozer/android/platform/build-armeabi-v7a_arm64-v8a/build/other_builds/opencv/armeabi-v7a__ndk_target_21/opencv/build/CMakeFiles/CMakeScratch/TryCompile-6YD15N/int32.c:27:22: note: expanded from macro 'SIZE'
#define SIZE (sizeof(INT32))
                     ^
/dcs/20/u2030590/CS310-App/App/.buildozer/android/platform/build-armeabi-v7a_arm64-v8a/build/other_builds/opencv/armeabi-v7a__ndk_target_21/opencv/build/CMakeFiles/CMakeScratch/TryCompile-6YD15N/int32.c:33:12: error: use of undeclared identifier 'INT32'
  ('0' +  (SIZE    % 10)),
           ^
/dcs/20/u2030590/CS310-App/App/.buildozer/android/platform/build-armeabi-v7a_arm64-v8a/build/other_builds/opencv/armeabi-v7a__ndk_target_21/opencv/build/CMakeFiles/CMakeScratch/TryCompile-6YD15N/int32.c:27:22: note: expanded from macro 'SIZE'
#define SIZE (sizeof(INT32))
                     ^
5 errors generated.
make[1]: *** [CMakeFiles/cmTC_ffbce.dir/build.make:79: CMakeFiles/cmTC_ffbce.dir/int32.c.o] Error 1
make[1]: Leaving directory '/dcs/20/u2030590/CS310-App/App/.buildozer/android/platform/build-armeabi-v7a_arm64-v8a/build/other_builds/opencv/armeabi-v7a__ndk_target_21/opencv/build/CMakeFiles/CMakeScratch/TryCompile-6YD15N'
gmake: *** [Makefile:127: cmTC_ffbce/fast] Error 2


int32.c:
#include <sys/types.h>
#include <stdint.h>
#include <stddef.h>


#undef KEY
#if defined(__i386)
# define KEY '_','_','i','3','8','6'
#elif defined(__x86_64)
# define KEY '_','_','x','8','6','_','6','4'
#elif defined(__PPC64__)
# define KEY '_','_','P','P','C','6','4','_','_'
#elif defined(__ppc64__)
# define KEY '_','_','p','p','c','6','4','_','_'
#elif defined(__PPC__)
# define KEY '_','_','P','P','C','_','_'
#elif defined(__ppc__)
# define KEY '_','_','p','p','c','_','_'
#elif defined(__aarch64__)
# define KEY '_','_','a','a','r','c','h','6','4','_','_'
#elif defined(__ARM_ARCH_7A__)
# define KEY '_','_','A','R','M','_','A','R','C','H','_','7','A','_','_'
#elif defined(__ARM_ARCH_7S__)
# define KEY '_','_','A','R','M','_','A','R','C','H','_','7','S','_','_'
#endif

#define SIZE (sizeof(INT32))
static char info_size[] =  {'I', 'N', 'F', 'O', ':', 's','i','z','e','[',
  ('0' + ((SIZE / 10000)%10)),
  ('0' + ((SIZE / 1000)%10)),
  ('0' + ((SIZE / 100)%10)),
  ('0' + ((SIZE / 10)%10)),
  ('0' +  (SIZE    % 10)),
  ']',
#ifdef KEY
  ' ','k','e','y','[', KEY, ']',
#endif
  '\0'};

#ifdef __CLASSIC_C__
int main(argc, argv) int argc; char *argv[];
#else
int main(int argc, char *argv[])
#endif
{
  int require = 0;
  require += info_size[argc];
  (void)argv;
  return require;
}


Determining if the function setmode exists failed with the following output:
Change Dir: /dcs/20/u2030590/CS310-App/App/.buildozer/android/platform/build-armeabi-v7a_arm64-v8a/build/other_builds/opencv/armeabi-v7a__ndk_target_21/opencv/build/CMakeFiles/CMakeScratch/TryCompile-1MySBc

Run Build Command(s):/usr/bin/gmake -f Makefile cmTC_cba53/fast && make -j40  -f CMakeFiles/cmTC_cba53.dir/build.make CMakeFiles/cmTC_cba53.dir/build
make[1]: Entering directory '/dcs/20/u2030590/CS310-App/App/.buildozer/android/platform/build-armeabi-v7a_arm64-v8a/build/other_builds/opencv/armeabi-v7a__ndk_target_21/opencv/build/CMakeFiles/CMakeScratch/TryCompile-1MySBc'
Building C object CMakeFiles/cmTC_cba53.dir/CheckFunctionExists.c.o
/dcs/20/u2030590/.buildozer/android/platform/android-ndk-r25b/toolchains/llvm/prebuilt/linux-x86_64/bin/clang --target=armv7-none-linux-androideabi21 --sysroot=/dcs/20/u2030590/.buildozer/android/platform/android-ndk-r25b/toolchains/llvm/prebuilt/linux-x86_64/sysroot   -g -DANDROID -fdata-sections -ffunction-sections -funwind-tables -fstack-protector-strong -no-canonical-prefixes -D_FORTIFY_SOURCE=2 -march=armv7-a -mthumb -Wformat -Werror=format-security    -fsigned-char -W -Wall -Werror=return-type -Werror=non-virtual-dtor -Werror=address -Werror=sequence-point -Wformat -Werror=format-security -Wmissing-declarations -Wmissing-prototypes -Wstrict-prototypes -Wundef -Winit-self -Wpointer-arith -Wshadow -Wsign-promo -Wuninitialized -Winconsistent-missing-override -Wno-delete-non-virtual-dtor -Wno-unnamed-type-template-args -Wno-comment -Wno-deprecated-enum-enum-conversion -Wno-deprecated-anon-enum-enum-conversion -fdiagnostics-show-option -Qunused-arguments -ffunction-sections -fdata-sections  -fvisibility=hidden -fvisibility-inlines-hidden -DCHECK_FUNCTION_EXISTS=setmode -O3 -DNDEBUG   -DNDEBUG -fPIE -MD -MT CMakeFiles/cmTC_cba53.dir/CheckFunctionExists.c.o -MF CMakeFiles/cmTC_cba53.dir/CheckFunctionExists.c.o.d -o CMakeFiles/cmTC_cba53.dir/CheckFunctionExists.c.o -c /dcs/20/u2030590/CS310-App/App/.buildozer/android/platform/build-armeabi-v7a_arm64-v8a/build/other_builds/opencv/armeabi-v7a__ndk_target_21/opencv/build/CMakeFiles/CMakeScratch/TryCompile-1MySBc/CheckFunctionExists.c
Linking C executable cmTC_cba53
/dcs/20/u2030590/.local/lib/python3.9/site-packages/cmake/data/bin/cmake -E cmake_link_script CMakeFiles/cmTC_cba53.dir/link.txt --verbose=1
/dcs/20/u2030590/.buildozer/android/platform/android-ndk-r25b/toolchains/llvm/prebuilt/linux-x86_64/bin/clang --target=armv7-none-linux-androideabi21 --sysroot=/dcs/20/u2030590/.buildozer/android/platform/android-ndk-r25b/toolchains/llvm/prebuilt/linux-x86_64/sysroot -g -DANDROID -fdata-sections -ffunction-sections -funwind-tables -fstack-protector-strong -no-canonical-prefixes -D_FORTIFY_SOURCE=2 -march=armv7-a -mthumb -Wformat -Werror=format-security    -fsigned-char -W -Wall -Werror=return-type -Werror=non-virtual-dtor -Werror=address -Werror=sequence-point -Wformat -Werror=format-security -Wmissing-declarations -Wmissing-prototypes -Wstrict-prototypes -Wundef -Winit-self -Wpointer-arith -Wshadow -Wsign-promo -Wuninitialized -Winconsistent-missing-override -Wno-delete-non-virtual-dtor -Wno-unnamed-type-template-args -Wno-comment -Wno-deprecated-enum-enum-conversion -Wno-deprecated-anon-enum-enum-conversion -fdiagnostics-show-option -Qunused-arguments -ffunction-sections -fdata-sections  -fvisibility=hidden -fvisibility-inlines-hidden -DCHECK_FUNCTION_EXISTS=setmode -O3 -DNDEBUG   -DNDEBUG -static-libstdc++ -Wl,--build-id=sha1 -Wl,--no-rosegment -Wl,--fatal-warnings -Wl,--gc-sections -Wl,--no-undefined -Qunused-arguments -Wl,--gc-sections   -Wl,--gc-sections -Wl,--as-needed  CMakeFiles/cmTC_cba53.dir/CheckFunctionExists.c.o -o cmTC_cba53  -latomic -lm 
ld: error: undefined symbol: setmode
>>> referenced by CheckFunctionExists.c:17
>>>               CMakeFiles/cmTC_cba53.dir/CheckFunctionExists.c.o:(main)
clang: error: linker command failed with exit code 1 (use -v to see invocation)
make[1]: *** [CMakeFiles/cmTC_cba53.dir/build.make:100: cmTC_cba53] Error 1
make[1]: Leaving directory '/dcs/20/u2030590/CS310-App/App/.buildozer/android/platform/build-armeabi-v7a_arm64-v8a/build/other_builds/opencv/armeabi-v7a__ndk_target_21/opencv/build/CMakeFiles/CMakeScratch/TryCompile-1MySBc'
gmake: *** [Makefile:127: cmTC_cba53/fast] Error 2



Build output check failed:
    Regex: 'unknown .*option'
    Output line: 'warning: unknown warning option '-Wno-maybe-uninitialized', did you mean '-Wno-uninitialized'? [-Wunknown-warning-option]'
Compilation failed:
    source file: '/dcs/20/u2030590/CS310-App/App/.buildozer/android/platform/build-armeabi-v7a_arm64-v8a/build/other_builds/opencv/armeabi-v7a__ndk_target_21/opencv/build/CMakeFiles/CMakeTmp/src.c'
    check option: ' -Wno-maybe-uninitialized'
===== BUILD LOG =====
Change Dir: /dcs/20/u2030590/CS310-App/App/.buildozer/android/platform/build-armeabi-v7a_arm64-v8a/build/other_builds/opencv/armeabi-v7a__ndk_target_21/opencv/build/CMakeFiles/CMakeTmp

Run Build Command(s):/usr/bin/gmake -f Makefile cmTC_37ab2/fast && make -j40  -f CMakeFiles/cmTC_37ab2.dir/build.make CMakeFiles/cmTC_37ab2.dir/build
make[1]: Entering directory '/dcs/20/u2030590/CS310-App/App/.buildozer/android/platform/build-armeabi-v7a_arm64-v8a/build/other_builds/opencv/armeabi-v7a__ndk_target_21/opencv/build/CMakeFiles/CMakeTmp'
Building C object CMakeFiles/cmTC_37ab2.dir/src.c.o
/dcs/20/u2030590/.buildozer/android/platform/android-ndk-r25b/toolchains/llvm/prebuilt/linux-x86_64/bin/clang --target=armv7-none-linux-androideabi21 --sysroot=/dcs/20/u2030590/.buildozer/android/platform/android-ndk-r25b/toolchains/llvm/prebuilt/linux-x86_64/sysroot   -g -DANDROID -fdata-sections -ffunction-sections -funwind-tables -fstack-protector-strong -no-canonical-prefixes -D_FORTIFY_SOURCE=2 -march=armv7-a -mthumb -Wformat -Werror=format-security    -fsigned-char -W -Wall -Werror=return-type -Werror=non-virtual-dtor -Werror=address -Werror=sequence-point -Wformat -Werror=format-security -Wstrict-prototypes -Winit-self -Wpointer-arith -Wsign-promo -Wuninitialized -Winconsistent-missing-override -Wno-delete-non-virtual-dtor -Wno-unnamed-type-template-args -Wno-comment -Wno-deprecated-enum-enum-conversion -Wno-deprecated-anon-enum-enum-conversion -fdiagnostics-show-option -Qunused-arguments -ffunction-sections -fdata-sections  -fvisibility=hidden -fvisibility-inlines-hidden -Wno-unused-but-set-variable -Wno-missing-prototypes -Wno-missing-declarations -Wno-undef -Wno-unused -Wno-sign-compare -Wno-cast-align -Wno-shadow  -O3 -DNDEBUG   -DNDEBUG -fPIE    -Wno-maybe-uninitialized -MD -MT CMakeFiles/cmTC_37ab2.dir/src.c.o -MF CMakeFiles/cmTC_37ab2.dir/src.c.o.d -o CMakeFiles/cmTC_37ab2.dir/src.c.o -c /dcs/20/u2030590/CS310-App/App/.buildozer/android/platform/build-armeabi-v7a_arm64-v8a/build/other_builds/opencv/armeabi-v7a__ndk_target_21/opencv/build/CMakeFiles/CMakeTmp/src.c
warning: unknown warning option '-Wno-maybe-uninitialized'; did you mean '-Wno-uninitialized'? [-Wunknown-warning-option]
/dcs/20/u2030590/CS310-App/App/.buildozer/android/platform/build-armeabi-v7a_arm64-v8a/build/other_builds/opencv/armeabi-v7a__ndk_target_21/opencv/build/CMakeFiles/CMakeTmp/src.c:1:8: warning: unknown pragma ignored [-Wunknown-pragmas]
#pragma
       ^
2 warnings generated.
Linking C executable cmTC_37ab2
/dcs/20/u2030590/.local/lib/python3.9/site-packages/cmake/data/bin/cmake -E cmake_link_script CMakeFiles/cmTC_37ab2.dir/link.txt --verbose=1
/dcs/20/u2030590/.buildozer/android/platform/android-ndk-r25b/toolchains/llvm/prebuilt/linux-x86_64/bin/clang --target=armv7-none-linux-androideabi21 --sysroot=/dcs/20/u2030590/.buildozer/android/platform/android-ndk-r25b/toolchains/llvm/prebuilt/linux-x86_64/sysroot -g -DANDROID -fdata-sections -ffunction-sections -funwind-tables -fstack-protector-strong -no-canonical-prefixes -D_FORTIFY_SOURCE=2 -march=armv7-a -mthumb -Wformat -Werror=format-security    -fsigned-char -W -Wall -Werror=return-type -Werror=non-virtual-dtor -Werror=address -Werror=sequence-point -Wformat -Werror=format-security -Wstrict-prototypes -Winit-self -Wpointer-arith -Wsign-promo -Wuninitialized -Winconsistent-missing-override -Wno-delete-non-virtual-dtor -Wno-unnamed-type-template-args -Wno-comment -Wno-deprecated-enum-enum-conversion -Wno-deprecated-anon-enum-enum-conversion -fdiagnostics-show-option -Qunused-arguments -ffunction-sections -fdata-sections  -fvisibility=hidden -fvisibility-inlines-hidden -Wno-unused-but-set-variable -Wno-missing-prototypes -Wno-missing-declarations -Wno-undef -Wno-unused -Wno-sign-compare -Wno-cast-align -Wno-shadow  -O3 -DNDEBUG   -DNDEBUG -static-libstdc++ -Wl,--build-id=sha1 -Wl,--no-rosegment -Wl,--fatal-warnings -Wl,--gc-sections -Wl,--no-undefined -Qunused-arguments -Wl,--gc-sections   -Wl,--gc-sections -Wl,--as-needed  CMakeFiles/cmTC_37ab2.dir/src.c.o -o cmTC_37ab2  -latomic -lm 
make[1]: Leaving directory '/dcs/20/u2030590/CS310-App/App/.buildozer/android/platform/build-armeabi-v7a_arm64-v8a/build/other_builds/opencv/armeabi-v7a__ndk_target_21/opencv/build/CMakeFiles/CMakeTmp'


===== END =====

Determining if the _aligned_malloc exist failed with the following output:
Change Dir: /dcs/20/u2030590/CS310-App/App/.buildozer/android/platform/build-armeabi-v7a_arm64-v8a/build/other_builds/opencv/armeabi-v7a__ndk_target_21/opencv/build/CMakeFiles/CMakeScratch/TryCompile-RueQPK

Run Build Command(s):/usr/bin/gmake -f Makefile cmTC_523fc/fast && make -j40  -f CMakeFiles/cmTC_523fc.dir/build.make CMakeFiles/cmTC_523fc.dir/build
make[1]: Entering directory '/dcs/20/u2030590/CS310-App/App/.buildozer/android/platform/build-armeabi-v7a_arm64-v8a/build/other_builds/opencv/armeabi-v7a__ndk_target_21/opencv/build/CMakeFiles/CMakeScratch/TryCompile-RueQPK'
Building C object CMakeFiles/cmTC_523fc.dir/CheckSymbolExists.c.o
/dcs/20/u2030590/.buildozer/android/platform/android-ndk-r25b/toolchains/llvm/prebuilt/linux-x86_64/bin/clang --target=armv7-none-linux-androideabi21 --sysroot=/dcs/20/u2030590/.buildozer/android/platform/android-ndk-r25b/toolchains/llvm/prebuilt/linux-x86_64/sysroot   -g -DANDROID -fdata-sections -ffunction-sections -funwind-tables -fstack-protector-strong -no-canonical-prefixes -D_FORTIFY_SOURCE=2 -march=armv7-a -mthumb -Wformat    -fsigned-char -W -Wall    -Wformat -Wmissing-declarations -Wmissing-prototypes -Wstrict-prototypes -Wundef -Winit-self -Wpointer-arith -Wshadow -Wsign-promo -Wuninitialized -Winconsistent-missing-override -Wno-delete-non-virtual-dtor -Wno-unnamed-type-template-args -Wno-comment -Wno-deprecated-enum-enum-conversion -Wno-deprecated-anon-enum-enum-conversion -fdiagnostics-show-option -Qunused-arguments -ffunction-sections -fdata-sections  -fvisibility=hidden -fvisibility-inlines-hidden -Wno-implicit-const-int-float-conversion  -O3 -DNDEBUG   -DNDEBUG -fPIE -MD -MT CMakeFiles/cmTC_523fc.dir/CheckSymbolExists.c.o -MF CMakeFiles/cmTC_523fc.dir/CheckSymbolExists.c.o.d -o CMakeFiles/cmTC_523fc.dir/CheckSymbolExists.c.o -c /dcs/20/u2030590/CS310-App/App/.buildozer/android/platform/build-armeabi-v7a_arm64-v8a/build/other_builds/opencv/armeabi-v7a__ndk_target_21/opencv/build/CMakeFiles/CMakeScratch/TryCompile-RueQPK/CheckSymbolExists.c
/dcs/20/u2030590/CS310-App/App/.buildozer/android/platform/build-armeabi-v7a_arm64-v8a/build/other_builds/opencv/armeabi-v7a__ndk_target_21/opencv/build/CMakeFiles/CMakeScratch/TryCompile-RueQPK/CheckSymbolExists.c:8:19: error: use of undeclared identifier '_aligned_malloc'
  return ((int*)(&_aligned_malloc))[argc];
                  ^
1 error generated.
make[1]: *** [CMakeFiles/cmTC_523fc.dir/build.make:79: CMakeFiles/cmTC_523fc.dir/CheckSymbolExists.c.o] Error 1
make[1]: Leaving directory '/dcs/20/u2030590/CS310-App/App/.buildozer/android/platform/build-armeabi-v7a_arm64-v8a/build/other_builds/opencv/armeabi-v7a__ndk_target_21/opencv/build/CMakeFiles/CMakeScratch/TryCompile-RueQPK'
gmake: *** [Makefile:127: cmTC_523fc/fast] Error 2


File CheckSymbolExists.c:
/* */
#include <malloc.h>

int main(int argc, char** argv)
{
  (void)argv;
#ifndef _aligned_malloc
  return ((int*)(&_aligned_malloc))[argc];
#else
  (void)argc;
  return 0;
#endif
}
Performing C SOURCE FILE Test CMAKE_HAVE_LIBC_PTHREAD failed with the following output:
Change Dir: /dcs/20/u2030590/CS310-App/App/.buildozer/android/platform/build-armeabi-v7a_arm64-v8a/build/other_builds/opencv/armeabi-v7a__ndk_target_21/opencv/build/CMakeFiles/CMakeScratch/TryCompile-3SSv3j

Run Build Command(s):/usr/bin/gmake -f Makefile cmTC_1b065/fast && make -j40  -f CMakeFiles/cmTC_1b065.dir/build.make CMakeFiles/cmTC_1b065.dir/build
make[1]: Entering directory '/dcs/20/u2030590/CS310-App/App/.buildozer/android/platform/build-armeabi-v7a_arm64-v8a/build/other_builds/opencv/armeabi-v7a__ndk_target_21/opencv/build/CMakeFiles/CMakeScratch/TryCompile-3SSv3j'
Building C object CMakeFiles/cmTC_1b065.dir/src.c.o
/dcs/20/u2030590/.buildozer/android/platform/android-ndk-r25b/toolchains/llvm/prebuilt/linux-x86_64/bin/clang --target=armv7-none-linux-androideabi21 --sysroot=/dcs/20/u2030590/.buildozer/android/platform/android-ndk-r25b/toolchains/llvm/prebuilt/linux-x86_64/sysroot -DCMAKE_HAVE_LIBC_PTHREAD  -g -DANDROID -fdata-sections -ffunction-sections -funwind-tables -fstack-protector-strong -no-canonical-prefixes -D_FORTIFY_SOURCE=2 -march=armv7-a -mthumb -Wformat -Werror=format-security    -fsigned-char -W -Wall -Werror=return-type -Werror=non-virtual-dtor -Werror=address -Werror=sequence-point -Wformat -Werror=format-security -Wmissing-declarations -Wmissing-prototypes -Winit-self -Wpointer-arith -Wshadow -Wsign-promo -Wuninitialized -Winconsistent-missing-override -Wno-delete-non-virtual-dtor -Wno-unnamed-type-template-args -Wno-comment -Wno-deprecated-enum-enum-conversion -Wno-deprecated-anon-enum-enum-conversion -fdiagnostics-show-option -Qunused-arguments -ffunction-sections -fdata-sections  -fvisibility=hidden -fvisibility-inlines-hidden -Wno-implicit-const-int-float-conversion -Wno-undef -Wno-strict-prototypes -Wno-cast-function-type  -O3 -DNDEBUG   -DNDEBUG -fPIE -MD -MT CMakeFiles/cmTC_1b065.dir/src.c.o -MF CMakeFiles/cmTC_1b065.dir/src.c.o.d -o CMakeFiles/cmTC_1b065.dir/src.c.o -c /dcs/20/u2030590/CS310-App/App/.buildozer/android/platform/build-armeabi-v7a_arm64-v8a/build/other_builds/opencv/armeabi-v7a__ndk_target_21/opencv/build/CMakeFiles/CMakeScratch/TryCompile-3SSv3j/src.c
/dcs/20/u2030590/CS310-App/App/.buildozer/android/platform/build-armeabi-v7a_arm64-v8a/build/other_builds/opencv/armeabi-v7a__ndk_target_21/opencv/build/CMakeFiles/CMakeScratch/TryCompile-3SSv3j/src.c:13:3: warning: implicit declaration of function 'pthread_cancel' is invalid in C99 [-Wimplicit-function-declaration]
  pthread_cancel(thread);
  ^
1 warning generated.
Linking C executable cmTC_1b065
/dcs/20/u2030590/.local/lib/python3.9/site-packages/cmake/data/bin/cmake -E cmake_link_script CMakeFiles/cmTC_1b065.dir/link.txt --verbose=1
/dcs/20/u2030590/.buildozer/android/platform/android-ndk-r25b/toolchains/llvm/prebuilt/linux-x86_64/bin/clang --target=armv7-none-linux-androideabi21 --sysroot=/dcs/20/u2030590/.buildozer/android/platform/android-ndk-r25b/toolchains/llvm/prebuilt/linux-x86_64/sysroot -g -DANDROID -fdata-sections -ffunction-sections -funwind-tables -fstack-protector-strong -no-canonical-prefixes -D_FORTIFY_SOURCE=2 -march=armv7-a -mthumb -Wformat -Werror=format-security    -fsigned-char -W -Wall -Werror=return-type -Werror=non-virtual-dtor -Werror=address -Werror=sequence-point -Wformat -Werror=format-security -Wmissing-declarations -Wmissing-prototypes -Winit-self -Wpointer-arith -Wshadow -Wsign-promo -Wuninitialized -Winconsistent-missing-override -Wno-delete-non-virtual-dtor -Wno-unnamed-type-template-args -Wno-comment -Wno-deprecated-enum-enum-conversion -Wno-deprecated-anon-enum-enum-conversion -fdiagnostics-show-option -Qunused-arguments -ffunction-sections -fdata-sections  -fvisibility=hidden -fvisibility-inlines-hidden -Wno-implicit-const-int-float-conversion -Wno-undef -Wno-strict-prototypes -Wno-cast-function-type  -O3 -DNDEBUG   -DNDEBUG -static-libstdc++ -Wl,--build-id=sha1 -Wl,--no-rosegment -Wl,--fatal-warnings -Wl,--gc-sections -Wl,--no-undefined -Qunused-arguments -Wl,--gc-sections   -Wl,--gc-sections -Wl,--as-needed  CMakeFiles/cmTC_1b065.dir/src.c.o -o cmTC_1b065  -latomic -lm 
ld: error: undefined symbol: pthread_cancel
>>> referenced by src.c:13
>>>               CMakeFiles/cmTC_1b065.dir/src.c.o:(main)
clang: error: linker command failed with exit code 1 (use -v to see invocation)
make[1]: *** [CMakeFiles/cmTC_1b065.dir/build.make:100: cmTC_1b065] Error 1
make[1]: Leaving directory '/dcs/20/u2030590/CS310-App/App/.buildozer/android/platform/build-armeabi-v7a_arm64-v8a/build/other_builds/opencv/armeabi-v7a__ndk_target_21/opencv/build/CMakeFiles/CMakeScratch/TryCompile-3SSv3j'
gmake: *** [Makefile:127: cmTC_1b065/fast] Error 2


Source file was:
#include <pthread.h>

static void* test_func(void* data)
{
  return data;
}

int main(void)
{
  pthread_t thread;
  pthread_create(&thread, NULL, test_func, NULL);
  pthread_detach(thread);
  pthread_cancel(thread);
  pthread_join(thread, NULL);
  pthread_atfork(NULL, NULL, NULL);
  pthread_exit(NULL);

  return 0;
}


Determining if the function pthread_create exists in the pthreads failed with the following output:
Change Dir: /dcs/20/u2030590/CS310-App/App/.buildozer/android/platform/build-armeabi-v7a_arm64-v8a/build/other_builds/opencv/armeabi-v7a__ndk_target_21/opencv/build/CMakeFiles/CMakeScratch/TryCompile-HvCS9Q

Run Build Command(s):/usr/bin/gmake -f Makefile cmTC_450e0/fast && make -j40  -f CMakeFiles/cmTC_450e0.dir/build.make CMakeFiles/cmTC_450e0.dir/build
make[1]: Entering directory '/dcs/20/u2030590/CS310-App/App/.buildozer/android/platform/build-armeabi-v7a_arm64-v8a/build/other_builds/opencv/armeabi-v7a__ndk_target_21/opencv/build/CMakeFiles/CMakeScratch/TryCompile-HvCS9Q'
Building C object CMakeFiles/cmTC_450e0.dir/CheckFunctionExists.c.o
/dcs/20/u2030590/.buildozer/android/platform/android-ndk-r25b/toolchains/llvm/prebuilt/linux-x86_64/bin/clang --target=armv7-none-linux-androideabi21 --sysroot=/dcs/20/u2030590/.buildozer/android/platform/android-ndk-r25b/toolchains/llvm/prebuilt/linux-x86_64/sysroot   -g -DANDROID -fdata-sections -ffunction-sections -funwind-tables -fstack-protector-strong -no-canonical-prefixes -D_FORTIFY_SOURCE=2 -march=armv7-a -mthumb -Wformat -Werror=format-security    -fsigned-char -W -Wall -Werror=return-type -Werror=non-virtual-dtor -Werror=address -Werror=sequence-point -Wformat -Werror=format-security -Wmissing-declarations -Wmissing-prototypes -Winit-self -Wpointer-arith -Wshadow -Wsign-promo -Wuninitialized -Winconsistent-missing-override -Wno-delete-non-virtual-dtor -Wno-unnamed-type-template-args -Wno-comment -Wno-deprecated-enum-enum-conversion -Wno-deprecated-anon-enum-enum-conversion -fdiagnostics-show-option -Qunused-arguments -ffunction-sections -fdata-sections  -fvisibility=hidden -fvisibility-inlines-hidden -Wno-implicit-const-int-float-conversion -Wno-undef -Wno-strict-prototypes -Wno-cast-function-type -DCHECK_FUNCTION_EXISTS=pthread_create -O3 -DNDEBUG   -DNDEBUG -fPIE -MD -MT CMakeFiles/cmTC_450e0.dir/CheckFunctionExists.c.o -MF CMakeFiles/cmTC_450e0.dir/CheckFunctionExists.c.o.d -o CMakeFiles/cmTC_450e0.dir/CheckFunctionExists.c.o -c /dcs/20/u2030590/CS310-App/App/.buildozer/android/platform/build-armeabi-v7a_arm64-v8a/build/other_builds/opencv/armeabi-v7a__ndk_target_21/opencv/build/CMakeFiles/CMakeScratch/TryCompile-HvCS9Q/CheckFunctionExists.c
Linking C executable cmTC_450e0
/dcs/20/u2030590/.local/lib/python3.9/site-packages/cmake/data/bin/cmake -E cmake_link_script CMakeFiles/cmTC_450e0.dir/link.txt --verbose=1
/dcs/20/u2030590/.buildozer/android/platform/android-ndk-r25b/toolchains/llvm/prebuilt/linux-x86_64/bin/clang --target=armv7-none-linux-androideabi21 --sysroot=/dcs/20/u2030590/.buildozer/android/platform/android-ndk-r25b/toolchains/llvm/prebuilt/linux-x86_64/sysroot -g -DANDROID -fdata-sections -ffunction-sections -funwind-tables -fstack-protector-strong -no-canonical-prefixes -D_FORTIFY_SOURCE=2 -march=armv7-a -mthumb -Wformat -Werror=format-security    -fsigned-char -W -Wall -Werror=return-type -Werror=non-virtual-dtor -Werror=address -Werror=sequence-point -Wformat -Werror=format-security -Wmissing-declarations -Wmissing-prototypes -Winit-self -Wpointer-arith -Wshadow -Wsign-promo -Wuninitialized -Winconsistent-missing-override -Wno-delete-non-virtual-dtor -Wno-unnamed-type-template-args -Wno-comment -Wno-deprecated-enum-enum-conversion -Wno-deprecated-anon-enum-enum-conversion -fdiagnostics-show-option -Qunused-arguments -ffunction-sections -fdata-sections  -fvisibility=hidden -fvisibility-inlines-hidden -Wno-implicit-const-int-float-conversion -Wno-undef -Wno-strict-prototypes -Wno-cast-function-type -DCHECK_FUNCTION_EXISTS=pthread_create -O3 -DNDEBUG   -DNDEBUG -static-libstdc++ -Wl,--build-id=sha1 -Wl,--no-rosegment -Wl,--fatal-warnings -Wl,--gc-sections -Wl,--no-undefined -Qunused-arguments -Wl,--gc-sections   -Wl,--gc-sections -Wl,--as-needed  CMakeFiles/cmTC_450e0.dir/CheckFunctionExists.c.o -o cmTC_450e0  -lpthreads -latomic -lm 
ld: error: unable to find library -lpthreads
clang: error: linker command failed with exit code 1 (use -v to see invocation)
make[1]: *** [CMakeFiles/cmTC_450e0.dir/build.make:100: cmTC_450e0] Error 1
make[1]: Leaving directory '/dcs/20/u2030590/CS310-App/App/.buildozer/android/platform/build-armeabi-v7a_arm64-v8a/build/other_builds/opencv/armeabi-v7a__ndk_target_21/opencv/build/CMakeFiles/CMakeScratch/TryCompile-HvCS9Q'
gmake: *** [Makefile:127: cmTC_450e0/fast] Error 2



Determining if the function pthread_create exists in the pthread failed with the following output:
Change Dir: /dcs/20/u2030590/CS310-App/App/.buildozer/android/platform/build-armeabi-v7a_arm64-v8a/build/other_builds/opencv/armeabi-v7a__ndk_target_21/opencv/build/CMakeFiles/CMakeScratch/TryCompile-2rcsKF

Run Build Command(s):/usr/bin/gmake -f Makefile cmTC_dba5f/fast && make -j40  -f CMakeFiles/cmTC_dba5f.dir/build.make CMakeFiles/cmTC_dba5f.dir/build
make[1]: Entering directory '/dcs/20/u2030590/CS310-App/App/.buildozer/android/platform/build-armeabi-v7a_arm64-v8a/build/other_builds/opencv/armeabi-v7a__ndk_target_21/opencv/build/CMakeFiles/CMakeScratch/TryCompile-2rcsKF'
Building C object CMakeFiles/cmTC_dba5f.dir/CheckFunctionExists.c.o
/dcs/20/u2030590/.buildozer/android/platform/android-ndk-r25b/toolchains/llvm/prebuilt/linux-x86_64/bin/clang --target=armv7-none-linux-androideabi21 --sysroot=/dcs/20/u2030590/.buildozer/android/platform/android-ndk-r25b/toolchains/llvm/prebuilt/linux-x86_64/sysroot   -g -DANDROID -fdata-sections -ffunction-sections -funwind-tables -fstack-protector-strong -no-canonical-prefixes -D_FORTIFY_SOURCE=2 -march=armv7-a -mthumb -Wformat -Werror=format-security    -fsigned-char -W -Wall -Werror=return-type -Werror=non-virtual-dtor -Werror=address -Werror=sequence-point -Wformat -Werror=format-security -Wmissing-declarations -Wmissing-prototypes -Winit-self -Wpointer-arith -Wshadow -Wsign-promo -Wuninitialized -Winconsistent-missing-override -Wno-delete-non-virtual-dtor -Wno-unnamed-type-template-args -Wno-comment -Wno-deprecated-enum-enum-conversion -Wno-deprecated-anon-enum-enum-conversion -fdiagnostics-show-option -Qunused-arguments -ffunction-sections -fdata-sections  -fvisibility=hidden -fvisibility-inlines-hidden -Wno-implicit-const-int-float-conversion -Wno-undef -Wno-strict-prototypes -Wno-cast-function-type -DCHECK_FUNCTION_EXISTS=pthread_create -O3 -DNDEBUG   -DNDEBUG -fPIE -MD -MT CMakeFiles/cmTC_dba5f.dir/CheckFunctionExists.c.o -MF CMakeFiles/cmTC_dba5f.dir/CheckFunctionExists.c.o.d -o CMakeFiles/cmTC_dba5f.dir/CheckFunctionExists.c.o -c /dcs/20/u2030590/CS310-App/App/.buildozer/android/platform/build-armeabi-v7a_arm64-v8a/build/other_builds/opencv/armeabi-v7a__ndk_target_21/opencv/build/CMakeFiles/CMakeScratch/TryCompile-2rcsKF/CheckFunctionExists.c
Linking C executable cmTC_dba5f
/dcs/20/u2030590/.local/lib/python3.9/site-packages/cmake/data/bin/cmake -E cmake_link_script CMakeFiles/cmTC_dba5f.dir/link.txt --verbose=1
/dcs/20/u2030590/.buildozer/android/platform/android-ndk-r25b/toolchains/llvm/prebuilt/linux-x86_64/bin/clang --target=armv7-none-linux-androideabi21 --sysroot=/dcs/20/u2030590/.buildozer/android/platform/android-ndk-r25b/toolchains/llvm/prebuilt/linux-x86_64/sysroot -g -DANDROID -fdata-sections -ffunction-sections -funwind-tables -fstack-protector-strong -no-canonical-prefixes -D_FORTIFY_SOURCE=2 -march=armv7-a -mthumb -Wformat -Werror=format-security    -fsigned-char -W -Wall -Werror=return-type -Werror=non-virtual-dtor -Werror=address -Werror=sequence-point -Wformat -Werror=format-security -Wmissing-declarations -Wmissing-prototypes -Winit-self -Wpointer-arith -Wshadow -Wsign-promo -Wuninitialized -Winconsistent-missing-override -Wno-delete-non-virtual-dtor -Wno-unnamed-type-template-args -Wno-comment -Wno-deprecated-enum-enum-conversion -Wno-deprecated-anon-enum-enum-conversion -fdiagnostics-show-option -Qunused-arguments -ffunction-sections -fdata-sections  -fvisibility=hidden -fvisibility-inlines-hidden -Wno-implicit-const-int-float-conversion -Wno-undef -Wno-strict-prototypes -Wno-cast-function-type -DCHECK_FUNCTION_EXISTS=pthread_create -O3 -DNDEBUG   -DNDEBUG -static-libstdc++ -Wl,--build-id=sha1 -Wl,--no-rosegment -Wl,--fatal-warnings -Wl,--gc-sections -Wl,--no-undefined -Qunused-arguments -Wl,--gc-sections   -Wl,--gc-sections -Wl,--as-needed  CMakeFiles/cmTC_dba5f.dir/CheckFunctionExists.c.o -o cmTC_dba5f  -lpthread -latomic -lm 
ld: error: unable to find library -lpthread
clang: error: linker command failed with exit code 1 (use -v to see invocation)
make[1]: *** [CMakeFiles/cmTC_dba5f.dir/build.make:100: cmTC_dba5f] Error 1
make[1]: Leaving directory '/dcs/20/u2030590/CS310-App/App/.buildozer/android/platform/build-armeabi-v7a_arm64-v8a/build/other_builds/opencv/armeabi-v7a__ndk_target_21/opencv/build/CMakeFiles/CMakeScratch/TryCompile-2rcsKF'
gmake: *** [Makefile:127: cmTC_dba5f/fast] Error 2



